\BOOKMARK [0][-]{chapter.1}{\376\377\000W\000h\000y\000\040\000K\000e\000r\000c\000h\000?}{}% 1
\BOOKMARK [1][-]{section.1.1}{\376\377\000E\000a\000s\000y\000-\000t\000o\000-\000U\000s\000e}{chapter.1}% 2
\BOOKMARK [1][-]{section.1.2}{\376\377\000H\000i\000g\000h\000\040\000a\000n\000d\000\040\000L\000o\000w\000\040\000L\000e\000v\000e\000l}{chapter.1}% 3
\BOOKMARK [1][-]{section.1.3}{\376\377\000V\000i\000s\000u\000a\000l\000i\000z\000a\000t\000i\000o\000n\000\040\000a\000n\000d\000\040\000M\000o\000n\000i\000t\000o\000r\000i\000n\000g}{chapter.1}% 4
\BOOKMARK [1][-]{section.1.4}{\376\377\000C\000o\000m\000p\000r\000e\000h\000e\000n\000s\000i\000b\000l\000e\000\040\000E\000r\000r\000o\000r\000s}{chapter.1}% 5
\BOOKMARK [1][-]{section.1.5}{\376\377\000E\000f\000f\000i\000c\000i\000e\000n\000t\000\040\000G\000P\000U\000\040\000C\000o\000m\000p\000u\000t\000a\000t\000i\000o\000n}{chapter.1}% 6
\BOOKMARK [1][-]{section.1.6}{\376\377\000C\000a\000c\000h\000e\000\040\000M\000a\000n\000a\000g\000e\000m\000e\000n\000t}{chapter.1}% 7
\BOOKMARK [1][-]{section.1.7}{\376\377\000S\000t\000o\000c\000h\000a\000s\000t\000i\000c\000\040\000T\000r\000a\000i\000n\000i\000n\000g}{chapter.1}% 8
\BOOKMARK [1][-]{section.1.8}{\376\377\000M\000a\000n\000i\000f\000o\000l\000d\000\040\000O\000p\000t\000i\000m\000i\000z\000a\000t\000i\000o\000n}{chapter.1}% 9
\BOOKMARK [1][-]{section.1.9}{\376\377\000F\000u\000l\000l\000y\000\040\000C\000u\000s\000t\000o\000m\000i\000z\000a\000b\000l\000e}{chapter.1}% 10
\BOOKMARK [0][-]{chapter.2}{\376\377\000I\000n\000s\000t\000a\000l\000l}{}% 11
\BOOKMARK [1][-]{section.2.1}{\376\377\000U\000s\000i\000n\000g\000\040\000P\000I\000P}{chapter.2}% 12
\BOOKMARK [1][-]{section.2.2}{\376\377\000F\000r\000o\000m\000\040\000s\000o\000u\000r\000c\000e}{chapter.2}% 13
\BOOKMARK [0][-]{chapter.3}{\376\377\000F\000i\000r\000s\000t\000\040\000S\000t\000e\000p\000s}{}% 14
\BOOKMARK [0][-]{chapter.4}{\376\377\000C\000o\000n\000t\000r\000i\000b\000u\000t\000e\000\040\000t\000o\000\040\000K\000e\000r\000c\000h}{}% 15
\BOOKMARK [0][-]{chapter.5}{\376\377\000U\000s\000i\000n\000g\000\040\000K\000e\000r\000n\000e\000l\000s}{}% 16
\BOOKMARK [1][-]{section.5.1}{\376\377\000O\000u\000t\000-\000o\000f\000-\000s\000a\000m\000p\000l\000e\000\040\000n\000o\000r\000m\000a\000l\000i\000z\000e\000d\000\040\000a\000n\000d\000\040\000c\000e\000n\000t\000e\000r\000e\000d\000\040\000k\000e\000r\000n\000e\000l\000s}{chapter.5}% 17
\BOOKMARK [0][-]{chapter.6}{\376\377\000W\000o\000r\000k\000i\000n\000g\000\040\000w\000i\000t\000h\000\040\000L\000e\000v\000e\000l\000s}{}% 18
\BOOKMARK [0][-]{chapter.7}{\376\377\000M\000o\000d\000e\000l\000s}{}% 19
\BOOKMARK [1][-]{section.7.1}{\376\377\000B\000u\000i\000l\000t\000-\000I\000n\000\040\000M\000o\000d\000e\000l\000s}{chapter.7}% 20
\BOOKMARK [2][-]{subsection.7.1.1}{\376\377\000T\000r\000a\000i\000n\000i\000n\000g\000\040\000a\000n\000d\000\040\000t\000u\000n\000i\000n\000g\000\040\000a\000n\000\040\000L\000S\000-\000S\000V\000M}{section.7.1}% 21
\BOOKMARK [1][-]{section.7.2}{\376\377\000N\000e\000w\000\040\000M\000o\000d\000e\000l\000s}{chapter.7}% 22
\BOOKMARK [0][-]{chapter.8}{\376\377\000K\000e\000r\000n\000e\000l\000\040\000M\000o\000d\000u\000l\000e}{}% 23
\BOOKMARK [1][-]{section.8.1}{\376\377\000I\000n\000t\000r\000o\000d\000u\000c\000t\000i\000o\000n}{chapter.8}% 24
\BOOKMARK [2][-]{subsection.8.1.1}{\376\377\000G\000e\000n\000e\000r\000a\000l}{section.8.1}% 25
\BOOKMARK [2][-]{subsection.8.1.2}{\376\377\000K\000e\000r\000n\000e\000l\000\040\000F\000a\000c\000t\000o\000r\000y}{section.8.1}% 26
\BOOKMARK [1][-]{section.8.2}{\376\377\000E\000x\000a\000m\000p\000l\000e\000s}{chapter.8}% 27
\BOOKMARK [1][-]{section.8.3}{\376\377\000D\000i\000f\000f\000e\000r\000e\000n\000t\000\040\000K\000e\000r\000n\000e\000l\000s}{chapter.8}% 28
\BOOKMARK [2][-]{subsection.8.3.1}{\376\377\000G\000e\000n\000e\000r\000i\000c\000\040\000K\000e\000r\000n\000e\000l\000s}{section.8.3}% 29
\BOOKMARK [3][-]{subsubsection*.4}{\376\377\000L\000i\000n\000e\000a\000r\000\040\000K\000e\000r\000n\000e\000l}{subsection.8.3.1}